Running main() from /tmp/tmpu2bz4k4x/student/unit_tests/lib/googletest/src/gtest_main.cc
[==========] Running 12 tests from 1 test suite.
[----------] Global test environment set-up.
[----------] 12 tests from MatrixTester
[ RUN      ] MatrixTester.constructionEmptyMatrix_expectedAllElementsAreZero
[       OK ] MatrixTester.constructionEmptyMatrix_expectedAllElementsAreZero (0 ms)
[ RUN      ] MatrixTester.constructionMatrixFromTwoDimensionArray_expectedAllElementsCopied
[       OK ] MatrixTester.constructionMatrixFromTwoDimensionArray_expectedAllElementsCopied (0 ms)
[ RUN      ] MatrixTester.constructionMatrixFromAnotherMatrix_expectedAllElementsCopied
[       OK ] MatrixTester.constructionMatrixFromAnotherMatrix_expectedAllElementsCopied (0 ms)
[ RUN      ] MatrixTester.assignmentOperatorCopyingDeeply_expectedAllElementsCopied
[       OK ] MatrixTester.assignmentOperatorCopyingDeeply_expectedAllElementsCopied (0 ms)
[ RUN      ] MatrixTester.assignmentOperatorCopyingFromItselve_expectedNotCrash
[       OK ] MatrixTester.assignmentOperatorCopyingFromItselve_expectedNotCrash (0 ms)
[ RUN      ] MatrixTester.checkingOstreamOperator_expectedAllElementsInStream
[       OK ] MatrixTester.checkingOstreamOperator_expectedAllElementsInStream (0 ms)
[ RUN      ] MatrixTester.checkingIstreamOperator_expectedAllElementsReadFromStream
/tmp/tmpu2bz4k4x/student/unit_tests/matrixTests.cpp:186: Failure
Failed
operator>> not implemented

[  FAILED  ] MatrixTester.checkingIstreamOperator_expectedAllElementsReadFromStream (0 ms)
[ RUN      ] MatrixTester.multiplicationMatrixMultipliedWithNumber_expectedAllElementsOfMatrixMultiplied
/tmp/tmpu2bz4k4x/student/unit_tests/matrixTests.cpp:212: Failure
Failed
arithmetic operators not implemented

[  FAILED  ] MatrixTester.multiplicationMatrixMultipliedWithNumber_expectedAllElementsOfMatrixMultiplied (0 ms)
[ RUN      ] MatrixTester.additionOfTwoMatrixes_expectedMatrixWithSumOfElementsReturned
/tmp/tmpu2bz4k4x/student/unit_tests/matrixTests.cpp:243: Failure
Failed
arithmetic operators not implemented

[  FAILED  ] MatrixTester.additionOfTwoMatrixes_expectedMatrixWithSumOfElementsReturned (0 ms)
[ RUN      ] MatrixTester.andOfTwoMatrixes_expectedMatrixWithAllElementsAsResultOfLogicalAndReturned
/tmp/tmpu2bz4k4x/student/unit_tests/matrixTests.cpp:274: Failure
Failed
arithmetic operators not implemented

[  FAILED  ] MatrixTester.andOfTwoMatrixes_expectedMatrixWithAllElementsAsResultOfLogicalAndReturned (0 ms)
[ RUN      ] MatrixTester.accessingMatrixByRowAndColumnWithIndexOperator_expectedSuccesfullAccess
/tmp/tmpu2bz4k4x/student/unit_tests/matrixTests.cpp:300: Failure
Failed
subscript operators not implemented

[  FAILED  ] MatrixTester.accessingMatrixByRowAndColumnWithIndexOperator_expectedSuccesfullAccess (0 ms)
[ RUN      ] MatrixTester.matrixConverseOperatorIntoSizeType_expected2ReturnElementsInEachDimentions
/tmp/tmpu2bz4k4x/student/unit_tests/matrixTests.cpp:339: Failure
Failed
conversion operator not implemented

[  FAILED  ] MatrixTester.matrixConverseOperatorIntoSizeType_expected2ReturnElementsInEachDimentions (0 ms)
[----------] 12 tests from MatrixTester (3 ms total)

[----------] Global test environment tear-down
[==========] 12 tests from 1 test suite ran. (3 ms total)
[  PASSED  ] 6 tests.
[  FAILED  ] 6 tests, listed below:
[  FAILED  ] MatrixTester.checkingIstreamOperator_expectedAllElementsReadFromStream
[  FAILED  ] MatrixTester.multiplicationMatrixMultipliedWithNumber_expectedAllElementsOfMatrixMultiplied
[  FAILED  ] MatrixTester.additionOfTwoMatrixes_expectedMatrixWithSumOfElementsReturned
[  FAILED  ] MatrixTester.andOfTwoMatrixes_expectedMatrixWithAllElementsAsResultOfLogicalAndReturned
[  FAILED  ] MatrixTester.accessingMatrixByRowAndColumnWithIndexOperator_expectedSuccesfullAccess
[  FAILED  ] MatrixTester.matrixConverseOperatorIntoSizeType_expected2ReturnElementsInEachDimentions

 6 FAILED TESTS
